20
158
6
2
4
0
20
122
4
96
96
150
8
60
6
6
2
0
0
10
2
0
0
2
16
2
6
142
4
198
4
200
2
144
192
204
202
20
158
0
246
56
184
184
254
0
0
4
2
56
8
4
8
4
8
2
2
0
0
4
2
46
4
56
0
2
0
0
10
152
2
424
8
388
2
6
336
0
276
200
418
212
406
336
420
2
276
8
338
372
12
52
0
456
0
282
284
452
456
464
206
200
138
458
2
460
272
138
272
138
284
200
460
282
24
54
36
458
456
272
456
464
200
110
282
0
452
212
6
2
116
32
324
2
0
456
282
0
458
272
138
454
458
200
206
206
138
138
282
212
12
284
284
454
272
206
284
8
0
8
206
212
206
138
206
206
138
466
206
206
272
212
466
440
464
284
138
454
422
272
284
472
14
138
272
212
458
316
0
458
48
472
138
272
282
458
198
202
6
6
138
320
458
212
460
472
460
0
6
212
2
8
8
12
2
276
12
200
282
282
2
466
456
200
454
456
284
138
472
212
464
460
206
276
422
8
276
460
212
472
460
456
460
8
472
272
10
464
4
2
454
282
452
284
452
