30
0
2
26
14
0
4
6
2
4
20
26
30
8
20
20
14
4
14
10
20
2
4
8
2
24
0
24
6
2
298
8
10
2
2
0
20
2
20
20
0
14
30
14
26
14
286
2
80
286
2
2
20
0
14
20
20
0
14
0
2
2
14
14
32
20
14
0
38
0
38
424
28
40
6
88
2
20
46
26
0
44
0
0
22
10
22
2
446
22
8
2
38
12
20
4
2
4
38
46
94
28
30
46
20
26
100
46
58
6
78
70
58
48
8
44
84
24
40
446
2
44
434
20
26
4
532
132
556
508
506
18
526
552
558
508
16
538
528
504
512
614
862
0
504
632
530
558
534
534
524
534
530
2
538
532
560
512
110
532
274
538
634
550
614
538
578
528
614
578
528
2
2
126
556
554
530
614
522
522
578
162
504
506
554
524
532
556
578
0
4
4
538
538
88
550
506
0
622
622
524
528
560
614
78
634
634
560
578
530
614
144
144
112
96
4
4
48
560
508
550
534
532
560
524
554
614
862
560
506
508
538
534
506
524
634
524
524
530
532
18
556
524
574
512
554
634
8
530
508
560
2
560
578
26
512
506
862
512
554
530
152
0
96
140
72
534
862
48
574
524
508
530
528
862
556
578
560
634
556
538
550
534
534
0
524
6
550
524
2
512
532
96
140
108
506
