18
14
76
0
2
2
2
4
2
0
16
0
0
2
20
20
38
2
2
4
2
0
4
38
0
0
2
0
2
2
90
2
4
2
6
22
22
0
0
0
100
20
0
4
22
2
0
0
20
4
20
20
0
80
2
6
2
0
108
32
2
14
2
22
14
8
6
114
2
6
4
0
22
94
82
2
16
2
92
0
78
78
0
2
96
82
0
26
6
0
6
4
0
0
4
94
2
10
4
12
2
12
4
0
82
72
94
80
76
74
82
184
94
72
238
6
72
6
2
188
76
70
266
194
0
8
244
0
76
252
110
6
76
70
0
20
0
6
6
6
96
8
4
2
4
96
242
0
2
112
106
102
108
106
0
104
102
2
6
6
0
6
96
2
4
104
240
108
4
104
2
106
112
106
112
0
6
6
108
0
126
26
2
112
106
18
16
16
254
32
18
10
14
252
40
244
250
4
254
524
424
30
4
252
526
530
242
544
522
98
244
68
104
242
100
250
244
242
422
146
422
252
244
266
244
40
522
544
10
10
532
520
98
130
98
242
530
424
0
266
0
0
94
12
240
242
268
422
544
244
244
244
250
530
424
2
544
532
266
22
530
422
240
244
520
422
532
544
532
4
0
424
252
396
14
526
240
242
266
422
526
532
266
2
530
252
268
24
240
242
424
240
526
26
242
526
18
268
2
306
186
532
244
524
250
520
422
520
240
244
250
520
524
242
520
0
94
158
0
252
240
240
522
422
524
18
240
2
268
242
294
184
4
184
2
0
424
522
250
268
242
520
108
422
32
424
186
4
242
242
240
4
268
2
422
244
244
142
0
532
544
526
266
50
422
244
252
424
252
268
244
530
424
252
0
242
244
242
522
524
0
0
520
524
422
0
6
250
532
242
266
0
0
520
0
0
424
244
522
530
2
530
12
530
436
164
