246
248
256
232
228
186
484
514
58
238
260
0
494
230
508
522
2
8
2
242
246
0
238
494
230
0
494
240
232
510
2
0
20
216
232
516
214
242
512
0
238
486
482
236
238
244
510
16
240
230
4
510
2
484
484
246
246
494
22
238
12
246
508
244
522
244
230
216
8
240
0
230
246
514
246
512
494
216
508
8
492
2
520
492
0
242
8
236
230
510
494
2
8
512
240
510
514
238
232
246
494
76
246
484
512
232
510
240
216
246
216
516
2
214
520
0
512
514
240
512
508
240
240
514
8
494
238
242
516
232
246
244
522
238
512
484
216
230
522
4
230
508
232
516
242
522
494
232
494
216
522
230
512
4
484
238
246
238
240
510
230
232
522
516
494
246
6
516
232
40
216
510
230
242
4
232
0
522
240
0
12
244
0
248
512
242
0
232
246
510
522
230
244
230
232
508
0
0
484
516
244
0
0
232
512
516
36
494
40
244
244
512
508
242
510
242
12
236
242
230
484
0
8
124
514
246
494
6
238
508
484
514
238
510
242
484
2
0
246
242
2
514
230
522
242
246
516
4
516
6
0
512
244
512
216
216
512
2
246
508
232
514
242
230
216
508
246
508
508
516
238
102
522
216
484
216
244
242
244
216
216
230
238
242
0
12
514
244
194
486
0
512
230
512
512
516
258
112
230
506
516
236
236
510
242
484
510
510
238
238
156
520
506
238
246
4
510
516
228
246
516
4
512
246
232
2
512
232
516
0
510
484
232
522
2
484
0
244
510
246
514
240
232
2
512
2
242
2
0
0
0
240
512
242
6
238
246
10
0
246
494
240
508
8
230
516
230
512
216
508
514
244
242
246
510
10
244
512
494
216
6
230
244
2
14
8
484
0
0
244
0
244
240
244
84
512
514
494
232
494
516
4
0
242
216
216
0
216
16
514
494
242
508
520
2
246
114
246
510
238
510
238
2
246
514
4
520
62
238
8
480
494
510
80
230
232
216
516
514
522
246
2
232
246
512
522
510
12
62
242
234
508
246
6
512
516
242
508
24
216
0
230
512
2
244
508
238
510
512
482
246
4
522
510
514
510
104
510
246
510
216
508
238
522
508
2
216
512
230
512
246
510
22
230
484
2
2
512
0
494
484
516
486
512
230
230
244
0
238
82
482
480
0
514
116
6
522
522
512
494
216
494
484
240
484
242
494
0
2
244
522
0
240
516
230
232
216
514
508
238
506
514
8
516
240
240
10
238
8
242
2
0
218
60
8
244
512
240
2
482
238
232
32
0
244
484
242
494
520
236
36
246
508
168
0
12
4
522
522
8
484
238
242
232
6
494
484
0
514
232
244
496
0
248
232
232
248
494
244
240
