22
0
6
4
0
6
18
170
10
6
0
2
0
6
12
6
0
2
0
0
6
18
44
2
80
0
0
6
44
8
0
42
46
6
2
82
14
80
80
42
222
2
6
0
2
118
10
0
10
10
0
10
226
2
76
6
66
2
118
2
120
0
6
0
70
10
118
222
58
120
6
10
72
296
310
162
310
38
310
314
8
316
56
300
166
306
318
4
4
2
2
0
0
2
2
68
32
166
4
0
0
0
312
318
310
10
332
338
314
322
2
172
230
316
172
308
316
314
312
2
306
172
172
70
344
344
314
230
334
338
2
2
0
172
322
316
168
228
334
322
320
314
230
38
228
314
230
318
0
318
170
172
340
4
306
0
340
230
306
308
308
334
4
334
310
340
306
344
308
0
22
314
24
340
314
170
320
230
316
314
34
318
10
0
320
172
22
318
344
338
322
308
0
334
4
314
170
306
340
334
0
316
172
230
340
318
2
316
38
74
320
344
318
172
308
340
22
230
2
322
316
98
344
334
316
16
2
310
344
170
170
340
82
320
306
322
172
334
230
340
318
314
2
314
308
172
304
172
316
0
0
314
306
0
322
316
338
304
332
318
16
308
0
2
310
172
0
